[debug] [2023-07-26T15:40:21.619Z] ----------------------------------------------------------------------
[debug] [2023-07-26T15:40:21.621Z] Command:       D:\Program Files\nodejs\node.exe C:\Users\R C C\AppData\Roaming\npm\node_modules\firebase-tools\lib\bin\firebase.js init
[debug] [2023-07-26T15:40:21.621Z] CLI Version:   12.4.6
[debug] [2023-07-26T15:40:21.621Z] Platform:      win32
[debug] [2023-07-26T15:40:21.621Z] Node Version:  v18.17.0
[debug] [2023-07-26T15:40:21.624Z] Time:          Wed Jul 26 2023 21:25:21 GMT+0545 (Nepal Time)
[debug] [2023-07-26T15:40:21.624Z] ----------------------------------------------------------------------
[debug] 
[debug] [2023-07-26T15:40:21.636Z] >>> [apiv2][query] GET https://firebase-public.firebaseio.com/cli.json [none]
[debug] [2023-07-26T15:40:21.675Z] > command requires scopes: ["email","openid","https://www.googleapis.com/auth/cloudplatformprojects.readonly","https://www.googleapis.com/auth/firebase","https://www.googleapis.com/auth/cloud-platform"]
[debug] [2023-07-26T15:40:21.675Z] > authorizing via signed-in user (bibekbhusal45@gmail.com)
[info] 
     ######## #### ########  ######## ########     ###     ######  ########
     ##        ##  ##     ## ##       ##     ##  ##   ##  ##       ##
     ######    ##  ########  ######   ########  #########  ######  ######
     ##        ##  ##    ##  ##       ##     ## ##     ##       ## ##
     ##       #### ##     ## ######## ########  ##     ##  ######  ########

You're about to initialize a Firebase project in this directory:

  D:\Users\Bibek\code\All vs codes\whatsapp_mod\front-end

[debug] [2023-07-26T15:40:22.430Z] <<< [apiv2][status] GET https://firebase-public.firebaseio.com/cli.json 200
[debug] [2023-07-26T15:40:22.430Z] <<< [apiv2][body] GET https://firebase-public.firebaseio.com/cli.json {"cloudBuildErrorAfter":1594252800000,"cloudBuildWarnAfter":1590019200000,"defaultNode10After":1594252800000,"minVersion":"3.0.5","node8DeploysDisabledAfter":1613390400000,"node8RuntimeDisabledAfter":1615809600000,"node8WarnAfter":1600128000000}
